


ARM Macro Assembler    Page 1 


    1 00000000         #line   1                "RTE\\Device\\TLE9879QXA40\\sta
rtup_tle987x.s"
    1 00000000         ;*******************************************************
                       ************************
    2 00000000         ;* @file     startup_TLE987x.s
    3 00000000         ;* @brief    CMSIS Core Device Startup File for
    4 00000000         ;*           Infineon TLE987x Device Series
    5 00000000         ;* @version  V1.0
    6 00000000         ;* @date     September 2012
    7 00000000         ;*
    8 00000000         ;* Copyright (C) 2014 Infineon Technologies AG. All righ
                       ts reserved.
    9 00000000         ;*
   10 00000000         ;*
   11 00000000         ;* @par
   12 00000000         ;* Infineon Technologies AG (Infineon) is supplying this
                        software for use with 
   13 00000000         ;* Infineon's microcontrollers.  This file can be freely
                        distributed
   14 00000000         ;* within development tools that are supporting such mic
                       rocontrollers.
   15 00000000         ;*
   16 00000000         ;* @par
   17 00000000         ;* THIS SOFTWARE IS PROVIDED AS IS.  NO WARRANTIES, WHET
                       HER EXPRESS, IMPLIED
   18 00000000         ;* OR STATUTORY, INCLUDING, BUT NOT LIMITED TO, IMPLIED 
                       WARRANTIES OF
   19 00000000         ;* MERCHANTABILITY AND FITNESS FOR A PARTICULAR PURPOSE 
                       APPLY TO THIS SOFTWARE.
   20 00000000         ;* ARM SHALL NOT, IN ANY CIRCUMSTANCES, BE LIABLE FOR SP
                       ECIAL, INCIDENTAL, OR
   21 00000000         ;* CONSEQUENTIAL DAMAGES, FOR ANY REASON WHATSOEVER.
   22 00000000         ;*
   23 00000000         ;*******************************************************
                       ***********************
   24 00000000         
   25 00000000         ;************************** Version History ************
                       ************************
   26 00000000         ; V1.0, Sep,  9, 2012 DM: initial version
   27 00000000         ;*******************************************************
                       ************************
   28 00000000 00000200 
                       Stack_Size
                               EQU              0x200
   29 00000000         
   30 00000000                 AREA             STACK, NOINIT, READWRITE, ALIGN
=3
   31 00000000         Stack_Mem
                               SPACE            Stack_Size
   32 00000200         __initial_sp
   33 00000200         
   34 00000200         ; <h> Heap Configuration
   35 00000200         ;   <o>  Heap Size (in Bytes) <0x0-0xFFFFFFFF:8>
   36 00000200         ; </h>
   37 00000200         
   38 00000200 00000000 
                       Heap_Size
                               EQU              0x00000000
   39 00000200         



ARM Macro Assembler    Page 2 


   40 00000200                 AREA             HEAP, NOINIT, READWRITE, ALIGN=
3
   41 00000000         __heap_base
   42 00000000         Heap_Mem
                               SPACE            Heap_Size
   43 00000000         __heap_limit
   44 00000000         
   45 00000000                 THUMB
   46 00000000                 PRESERVE8
   47 00000000         
   48 00000000         
   49 00000000         ;*******************************************************
                       ************************
   50 00000000         ; Fill-up the Vector Table entries with the exceptions I
                       SR address
   51 00000000         ;*******************************************************
                       ************************
   52 00000000                 AREA             RESET, DATA, READONLY
   53 00000000                 EXPORT           __Vectors
   54 00000000                 EXPORT           __Vectors_End
   55 00000000                 EXPORT           __Vectors_Size
   56 00000000         
   57 00000000 00000000 
                       __Vectors
                               DCD              __initial_sp
   58 00000004 00000000        DCD              Reset_Handler
   59 00000008 00000000        DCD              NMI_Handler ; NMI Handler
   60 0000000C 00000000        DCD              HardFault_Handler ; Hard Fault 
                                                            Handler
   61 00000010 00000000        DCD              MemManage_Handler 
                                                            ; MPU Fault Handler
                                                            
   62 00000014 00000000        DCD              BusFault_Handler 
                                                            ; Bus Fault Handler
                                                            
   63 00000018 00000000        DCD              UsageFault_Handler ; Usage Faul
                                                            t Handler
   64 0000001C 00000000        DCD              0           ; Reserved
   65 00000020 00000000        DCD              0           ; Reserved
   66 00000024 00000000        DCD              0           ; Reserved
   67 00000028 00000000        DCD              0           ; Reserved
   68 0000002C 00000000        DCD              SVC_Handler ; SVCall Handler
   69 00000030 00000000        DCD              DebugMon_Handler ; Debug Monito
                                                            r Handler
   70 00000034 00000000        DCD              0           ; Reserved
   71 00000038 00000000        DCD              PendSV_Handler ; PendSV Handler
                                                            
   72 0000003C 00000000        DCD              SysTick_Handler 
                                                            ; SysTick Handler
   73 00000040         
   74 00000040         ; External Interrupts
   75 00000040 00000000        DCD              GPT1_IRQHandler ; 0:  GPT1
   76 00000044 00000000        DCD              GPT2_IRQHandler ; 1:  GPT2
   77 00000048 00000000        DCD              ADC2_IRQHandler ; 2:  Measureme
                                                            nt Unit, Timer3
   78 0000004C 00000000        DCD              ADC1_IRQHandler 
                                                            ; 3:  10 bit ADC
   79 00000050 00000000        DCD              CCU6SR0_IRQHandler ; 4:  CCU0
   80 00000054 00000000        DCD              CCU6SR1_IRQHandler ; 5:  CCU1



ARM Macro Assembler    Page 3 


   81 00000058 00000000        DCD              CCU6SR2_IRQHandler ; 6:  CCU2
   82 0000005C 00000000        DCD              CCU6SR3_IRQHandler ; 7:  CCU3
   83 00000060 00000000        DCD              SSC1_IRQHandler ; 8:  SSC1
   84 00000064 00000000        DCD              SSC2_IRQHandler ; 9:  SSC2
   85 00000068 00000000        DCD              UART1_IRQHandler ; 10: UART1
   86 0000006C 00000000        DCD              UART2_IRQHandler ; 11: UART2
   87 00000070 00000000        DCD              EXINT0_IRQHandler ; 12: EXINT0
   88 00000074 00000000        DCD              EXINT1_IRQHandler ; 13: EXINT1
   89 00000078 00000000        DCD              BDRV_IRQHandler ; 14: BDRV
   90 0000007C 00000000        DCD              DMA_IRQHandler ; 15: DMA
   91 00000080         __Vectors_End
   92 00000080         
   93 00000080 00000080 
                       __Vectors_Size
                               EQU              __Vectors_End - __Vectors
   94 00000080         
   95 00000080                 AREA             |.text|, CODE, READONLY
   96 00000000         
   97 00000000         ;-------------------------------------------------------
                       ------------------------
   98 00000000         ; Reset Handler
   99 00000000         ;
  100 00000000         Reset_Handler
                               PROC
  101 00000000                 EXPORT           Reset_Handler             [WEAK
]
  102 00000000                 IMPORT           SystemInit
  103 00000000                 IMPORT           __main
  104 00000000 4809            LDR              R0, =SystemInit
  105 00000002 4780            BLX              R0
  106 00000004 4809            LDR              R0, =__main
  107 00000006 4700            BX               R0
  108 00000008                 ENDP
  109 00000008         
  110 00000008         ;-------------------------------------------------------
                       ------------------------
  111 00000008         ; Dummy Exception Handlers (infinite loops which can be 
                       modified)                
  112 00000008         
  113 00000008         NMI_Handler
                               PROC
  114 00000008                 EXPORT           NMI_Handler                [WEA
K]
  115 00000008 E7FE            B                .
  116 0000000A                 ENDP
  117 0000000A         HardFault_Handler
                               PROC
  118 0000000A         
  119 0000000A                 EXPORT           HardFault_Handler          [WEA
K]
  120 0000000A E7FE            B                .
  121 0000000C                 ENDP
  122 0000000C         MemManage_Handler
                               PROC
  123 0000000C         
  124 0000000C                 EXPORT           MemManage_Handler          [WEA
K]
  125 0000000C E7FE            B                .
  126 0000000E                 ENDP



ARM Macro Assembler    Page 4 


  127 0000000E         BusFault_Handler
                               PROC
  128 0000000E         
  129 0000000E                 EXPORT           BusFault_Handler           [WEA
K]
  130 0000000E E7FE            B                .
  131 00000010                 ENDP
  132 00000010         UsageFault_Handler
                               PROC
  133 00000010         
  134 00000010                 EXPORT           UsageFault_Handler         [WEA
K]
  135 00000010 E7FE            B                .
  136 00000012                 ENDP
  137 00000012         SVC_Handler
                               PROC
  138 00000012                 EXPORT           SVC_Handler                [WEA
K]
  139 00000012 E7FE            B                .
  140 00000014                 ENDP
  141 00000014         DebugMon_Handler
                               PROC
  142 00000014         
  143 00000014                 EXPORT           DebugMon_Handler           [WEA
K]
  144 00000014 E7FE            B                .
  145 00000016                 ENDP
  146 00000016         PendSV_Handler
                               PROC
  147 00000016                 EXPORT           PendSV_Handler             [WEA
K]
  148 00000016 E7FE            B                .
  149 00000018                 ENDP
  150 00000018         SysTick_Handler
                               PROC
  151 00000018                 EXPORT           SysTick_Handler            [WEA
K]
  152 00000018 E7FE            B                .
  153 0000001A                 ENDP
  154 0000001A         
  155 0000001A         Default_Handler
                               PROC
  156 0000001A                 EXPORT           GPT1_IRQHandler            [WEA
K]
  157 0000001A                 EXPORT           GPT2_IRQHandler            [WEA
K]
  158 0000001A                 EXPORT           ADC2_IRQHandler            [WEA
K]
  159 0000001A                 EXPORT           ADC1_IRQHandler            [WEA
K]
  160 0000001A                 EXPORT           CCU6SR0_IRQHandler         [WEA
K]
  161 0000001A                 EXPORT           CCU6SR1_IRQHandler         [WEA
K]
  162 0000001A                 EXPORT           CCU6SR2_IRQHandler         [WEA
K]
  163 0000001A                 EXPORT           CCU6SR3_IRQHandler         [WEA
K]
  164 0000001A                 EXPORT           SSC1_IRQHandler            [WEA



ARM Macro Assembler    Page 5 


K]
  165 0000001A                 EXPORT           SSC2_IRQHandler            [WEA
K]
  166 0000001A                 EXPORT           UART1_IRQHandler           [WEA
K]
  167 0000001A                 EXPORT           UART2_IRQHandler           [WEA
K]
  168 0000001A                 EXPORT           EXINT0_IRQHandler          [WEA
K]
  169 0000001A                 EXPORT           EXINT1_IRQHandler          [WEA
K]
  170 0000001A                 EXPORT           BDRV_IRQHandler            [WEA
K]
  171 0000001A                 EXPORT           DMA_IRQHandler             [WEA
K]
  172 0000001A         GPT1_IRQHandler
  173 0000001A         GPT2_IRQHandler
  174 0000001A         ADC2_IRQHandler
  175 0000001A         ADC1_IRQHandler
  176 0000001A         CCU6SR0_IRQHandler
  177 0000001A         CCU6SR1_IRQHandler
  178 0000001A         CCU6SR2_IRQHandler
  179 0000001A         CCU6SR3_IRQHandler
  180 0000001A         SSC1_IRQHandler
  181 0000001A         SSC2_IRQHandler
  182 0000001A         UART1_IRQHandler
  183 0000001A         UART2_IRQHandler
  184 0000001A         EXINT0_IRQHandler
  185 0000001A         EXINT1_IRQHandler
  186 0000001A         BDRV_IRQHandler
  187 0000001A         DMA_IRQHandler
  188 0000001A E7FE            B                .
  189 0000001C                 ENDP
  190 0000001C         
  191 0000001C         ;-------------------------------------------------------
                       ------------------------
  192 0000001C         ; User Initial Stack & Heap
  193 0000001C         
  194 0000001C                 IF               :DEF:__MICROLIB
  201 0000001C         
  202 0000001C                 IMPORT           __use_two_region_memory
  203 0000001C                 EXPORT           __user_initial_stackheap
  204 0000001C         __user_initial_stackheap
  205 0000001C         
  206 0000001C 4804            LDR              R0, =  Heap_Mem
  207 0000001E 4905            LDR              R1, =(Stack_Mem + Stack_Size)
  208 00000020 4A03            LDR              R2, = (Heap_Mem +  Heap_Size)
  209 00000022 4B05            LDR              R3, = Stack_Mem
  210 00000024 4770            BX               LR
  211 00000026         
  212 00000026 00 00           ALIGN
  213 00000028         
  214 00000028                 ENDIF
  215 00000028         
  216 00000028                 END
              00000000 
              00000000 
              00000000 
              00000200 



ARM Macro Assembler    Page 6 


              00000000 
Command Line: --debug --xref --cpreproc --diag_suppress=9931 --cpu=Cortex-M3 --
apcs=interwork --depend=.\objects\startup_tle987x.d -o.\objects\startup_tle987x
.o -I.\RTE\Device\TLE9879QXA40 -I.\RTE\_TLE9879_EvalKit -IC:\Keil_v5\ARM\PACK\A
RM\CMSIS\5.3.0\CMSIS\Include -IC:\Keil_v5\ARM\PACK\Infineon\TLE987x_DFP\1.3.2\D
evice\Include --predefine="__EVAL SETA 1" --predefine="__UVISION_VERSION SETA 5
25" --predefine="_RTE_ SETA 1" --predefine="TLE9879QXA40 SETA 1" --list=.\listi
ngs\startup_tle987x.lst RTE\Device\TLE9879QXA40\startup_tle987x.s



ARM Macro Assembler    Page 1 Alphabetic symbol ordering
Relocatable symbols

STACK 00000000

Symbol: STACK
   Definitions
      At line 30 in file RTE\\Device\\TLE9879QXA40\\startup_tle987x.s
   Uses
      None
Comment: STACK unused
Stack_Mem 00000000

Symbol: Stack_Mem
   Definitions
      At line 31 in file RTE\\Device\\TLE9879QXA40\\startup_tle987x.s
   Uses
      At line 207 in file RTE\\Device\\TLE9879QXA40\\startup_tle987x.s
      At line 209 in file RTE\\Device\\TLE9879QXA40\\startup_tle987x.s

__initial_sp 00000200

Symbol: __initial_sp
   Definitions
      At line 32 in file RTE\\Device\\TLE9879QXA40\\startup_tle987x.s
   Uses
      At line 57 in file RTE\\Device\\TLE9879QXA40\\startup_tle987x.s
Comment: __initial_sp used once
3 symbols



ARM Macro Assembler    Page 1 Alphabetic symbol ordering
Relocatable symbols

HEAP 00000000

Symbol: HEAP
   Definitions
      At line 40 in file RTE\\Device\\TLE9879QXA40\\startup_tle987x.s
   Uses
      None
Comment: HEAP unused
Heap_Mem 00000000

Symbol: Heap_Mem
   Definitions
      At line 42 in file RTE\\Device\\TLE9879QXA40\\startup_tle987x.s
   Uses
      At line 206 in file RTE\\Device\\TLE9879QXA40\\startup_tle987x.s
      At line 208 in file RTE\\Device\\TLE9879QXA40\\startup_tle987x.s

__heap_base 00000000

Symbol: __heap_base
   Definitions
      At line 41 in file RTE\\Device\\TLE9879QXA40\\startup_tle987x.s
   Uses
      None
Comment: __heap_base unused
__heap_limit 00000000

Symbol: __heap_limit
   Definitions
      At line 43 in file RTE\\Device\\TLE9879QXA40\\startup_tle987x.s
   Uses
      None
Comment: __heap_limit unused
4 symbols



ARM Macro Assembler    Page 1 Alphabetic symbol ordering
Relocatable symbols

RESET 00000000

Symbol: RESET
   Definitions
      At line 52 in file RTE\\Device\\TLE9879QXA40\\startup_tle987x.s
   Uses
      None
Comment: RESET unused
__Vectors 00000000

Symbol: __Vectors
   Definitions
      At line 57 in file RTE\\Device\\TLE9879QXA40\\startup_tle987x.s
   Uses
      At line 53 in file RTE\\Device\\TLE9879QXA40\\startup_tle987x.s
      At line 93 in file RTE\\Device\\TLE9879QXA40\\startup_tle987x.s

__Vectors_End 00000080

Symbol: __Vectors_End
   Definitions
      At line 91 in file RTE\\Device\\TLE9879QXA40\\startup_tle987x.s
   Uses
      At line 54 in file RTE\\Device\\TLE9879QXA40\\startup_tle987x.s
      At line 93 in file RTE\\Device\\TLE9879QXA40\\startup_tle987x.s

3 symbols



ARM Macro Assembler    Page 1 Alphabetic symbol ordering
Relocatable symbols

.text 00000000

Symbol: .text
   Definitions
      At line 95 in file RTE\\Device\\TLE9879QXA40\\startup_tle987x.s
   Uses
      None
Comment: .text unused
ADC1_IRQHandler 0000001A

Symbol: ADC1_IRQHandler
   Definitions
      At line 175 in file RTE\\Device\\TLE9879QXA40\\startup_tle987x.s
   Uses
      At line 78 in file RTE\\Device\\TLE9879QXA40\\startup_tle987x.s
      At line 159 in file RTE\\Device\\TLE9879QXA40\\startup_tle987x.s

ADC2_IRQHandler 0000001A

Symbol: ADC2_IRQHandler
   Definitions
      At line 174 in file RTE\\Device\\TLE9879QXA40\\startup_tle987x.s
   Uses
      At line 77 in file RTE\\Device\\TLE9879QXA40\\startup_tle987x.s
      At line 158 in file RTE\\Device\\TLE9879QXA40\\startup_tle987x.s

BDRV_IRQHandler 0000001A

Symbol: BDRV_IRQHandler
   Definitions
      At line 186 in file RTE\\Device\\TLE9879QXA40\\startup_tle987x.s
   Uses
      At line 89 in file RTE\\Device\\TLE9879QXA40\\startup_tle987x.s
      At line 170 in file RTE\\Device\\TLE9879QXA40\\startup_tle987x.s

BusFault_Handler 0000000E

Symbol: BusFault_Handler
   Definitions
      At line 127 in file RTE\\Device\\TLE9879QXA40\\startup_tle987x.s
   Uses
      At line 62 in file RTE\\Device\\TLE9879QXA40\\startup_tle987x.s
      At line 129 in file RTE\\Device\\TLE9879QXA40\\startup_tle987x.s

CCU6SR0_IRQHandler 0000001A

Symbol: CCU6SR0_IRQHandler
   Definitions
      At line 176 in file RTE\\Device\\TLE9879QXA40\\startup_tle987x.s
   Uses
      At line 79 in file RTE\\Device\\TLE9879QXA40\\startup_tle987x.s
      At line 160 in file RTE\\Device\\TLE9879QXA40\\startup_tle987x.s

CCU6SR1_IRQHandler 0000001A

Symbol: CCU6SR1_IRQHandler
   Definitions
      At line 177 in file RTE\\Device\\TLE9879QXA40\\startup_tle987x.s
   Uses



ARM Macro Assembler    Page 2 Alphabetic symbol ordering
Relocatable symbols

      At line 80 in file RTE\\Device\\TLE9879QXA40\\startup_tle987x.s
      At line 161 in file RTE\\Device\\TLE9879QXA40\\startup_tle987x.s

CCU6SR2_IRQHandler 0000001A

Symbol: CCU6SR2_IRQHandler
   Definitions
      At line 178 in file RTE\\Device\\TLE9879QXA40\\startup_tle987x.s
   Uses
      At line 81 in file RTE\\Device\\TLE9879QXA40\\startup_tle987x.s
      At line 162 in file RTE\\Device\\TLE9879QXA40\\startup_tle987x.s

CCU6SR3_IRQHandler 0000001A

Symbol: CCU6SR3_IRQHandler
   Definitions
      At line 179 in file RTE\\Device\\TLE9879QXA40\\startup_tle987x.s
   Uses
      At line 82 in file RTE\\Device\\TLE9879QXA40\\startup_tle987x.s
      At line 163 in file RTE\\Device\\TLE9879QXA40\\startup_tle987x.s

DMA_IRQHandler 0000001A

Symbol: DMA_IRQHandler
   Definitions
      At line 187 in file RTE\\Device\\TLE9879QXA40\\startup_tle987x.s
   Uses
      At line 90 in file RTE\\Device\\TLE9879QXA40\\startup_tle987x.s
      At line 171 in file RTE\\Device\\TLE9879QXA40\\startup_tle987x.s

DebugMon_Handler 00000014

Symbol: DebugMon_Handler
   Definitions
      At line 141 in file RTE\\Device\\TLE9879QXA40\\startup_tle987x.s
   Uses
      At line 69 in file RTE\\Device\\TLE9879QXA40\\startup_tle987x.s
      At line 143 in file RTE\\Device\\TLE9879QXA40\\startup_tle987x.s

Default_Handler 0000001A

Symbol: Default_Handler
   Definitions
      At line 155 in file RTE\\Device\\TLE9879QXA40\\startup_tle987x.s
   Uses
      None
Comment: Default_Handler unused
EXINT0_IRQHandler 0000001A

Symbol: EXINT0_IRQHandler
   Definitions
      At line 184 in file RTE\\Device\\TLE9879QXA40\\startup_tle987x.s
   Uses
      At line 87 in file RTE\\Device\\TLE9879QXA40\\startup_tle987x.s
      At line 168 in file RTE\\Device\\TLE9879QXA40\\startup_tle987x.s

EXINT1_IRQHandler 0000001A

Symbol: EXINT1_IRQHandler



ARM Macro Assembler    Page 3 Alphabetic symbol ordering
Relocatable symbols

   Definitions
      At line 185 in file RTE\\Device\\TLE9879QXA40\\startup_tle987x.s
   Uses
      At line 88 in file RTE\\Device\\TLE9879QXA40\\startup_tle987x.s
      At line 169 in file RTE\\Device\\TLE9879QXA40\\startup_tle987x.s

GPT1_IRQHandler 0000001A

Symbol: GPT1_IRQHandler
   Definitions
      At line 172 in file RTE\\Device\\TLE9879QXA40\\startup_tle987x.s
   Uses
      At line 75 in file RTE\\Device\\TLE9879QXA40\\startup_tle987x.s
      At line 156 in file RTE\\Device\\TLE9879QXA40\\startup_tle987x.s

GPT2_IRQHandler 0000001A

Symbol: GPT2_IRQHandler
   Definitions
      At line 173 in file RTE\\Device\\TLE9879QXA40\\startup_tle987x.s
   Uses
      At line 76 in file RTE\\Device\\TLE9879QXA40\\startup_tle987x.s
      At line 157 in file RTE\\Device\\TLE9879QXA40\\startup_tle987x.s

HardFault_Handler 0000000A

Symbol: HardFault_Handler
   Definitions
      At line 117 in file RTE\\Device\\TLE9879QXA40\\startup_tle987x.s
   Uses
      At line 60 in file RTE\\Device\\TLE9879QXA40\\startup_tle987x.s
      At line 119 in file RTE\\Device\\TLE9879QXA40\\startup_tle987x.s

MemManage_Handler 0000000C

Symbol: MemManage_Handler
   Definitions
      At line 122 in file RTE\\Device\\TLE9879QXA40\\startup_tle987x.s
   Uses
      At line 61 in file RTE\\Device\\TLE9879QXA40\\startup_tle987x.s
      At line 124 in file RTE\\Device\\TLE9879QXA40\\startup_tle987x.s

NMI_Handler 00000008

Symbol: NMI_Handler
   Definitions
      At line 113 in file RTE\\Device\\TLE9879QXA40\\startup_tle987x.s
   Uses
      At line 59 in file RTE\\Device\\TLE9879QXA40\\startup_tle987x.s
      At line 114 in file RTE\\Device\\TLE9879QXA40\\startup_tle987x.s

PendSV_Handler 00000016

Symbol: PendSV_Handler
   Definitions
      At line 146 in file RTE\\Device\\TLE9879QXA40\\startup_tle987x.s
   Uses
      At line 71 in file RTE\\Device\\TLE9879QXA40\\startup_tle987x.s
      At line 147 in file RTE\\Device\\TLE9879QXA40\\startup_tle987x.s



ARM Macro Assembler    Page 4 Alphabetic symbol ordering
Relocatable symbols


Reset_Handler 00000000

Symbol: Reset_Handler
   Definitions
      At line 100 in file RTE\\Device\\TLE9879QXA40\\startup_tle987x.s
   Uses
      At line 58 in file RTE\\Device\\TLE9879QXA40\\startup_tle987x.s
      At line 101 in file RTE\\Device\\TLE9879QXA40\\startup_tle987x.s

SSC1_IRQHandler 0000001A

Symbol: SSC1_IRQHandler
   Definitions
      At line 180 in file RTE\\Device\\TLE9879QXA40\\startup_tle987x.s
   Uses
      At line 83 in file RTE\\Device\\TLE9879QXA40\\startup_tle987x.s
      At line 164 in file RTE\\Device\\TLE9879QXA40\\startup_tle987x.s

SSC2_IRQHandler 0000001A

Symbol: SSC2_IRQHandler
   Definitions
      At line 181 in file RTE\\Device\\TLE9879QXA40\\startup_tle987x.s
   Uses
      At line 84 in file RTE\\Device\\TLE9879QXA40\\startup_tle987x.s
      At line 165 in file RTE\\Device\\TLE9879QXA40\\startup_tle987x.s

SVC_Handler 00000012

Symbol: SVC_Handler
   Definitions
      At line 137 in file RTE\\Device\\TLE9879QXA40\\startup_tle987x.s
   Uses
      At line 68 in file RTE\\Device\\TLE9879QXA40\\startup_tle987x.s
      At line 138 in file RTE\\Device\\TLE9879QXA40\\startup_tle987x.s

SysTick_Handler 00000018

Symbol: SysTick_Handler
   Definitions
      At line 150 in file RTE\\Device\\TLE9879QXA40\\startup_tle987x.s
   Uses
      At line 72 in file RTE\\Device\\TLE9879QXA40\\startup_tle987x.s
      At line 151 in file RTE\\Device\\TLE9879QXA40\\startup_tle987x.s

UART1_IRQHandler 0000001A

Symbol: UART1_IRQHandler
   Definitions
      At line 182 in file RTE\\Device\\TLE9879QXA40\\startup_tle987x.s
   Uses
      At line 85 in file RTE\\Device\\TLE9879QXA40\\startup_tle987x.s
      At line 166 in file RTE\\Device\\TLE9879QXA40\\startup_tle987x.s

UART2_IRQHandler 0000001A

Symbol: UART2_IRQHandler
   Definitions



ARM Macro Assembler    Page 5 Alphabetic symbol ordering
Relocatable symbols

      At line 183 in file RTE\\Device\\TLE9879QXA40\\startup_tle987x.s
   Uses
      At line 86 in file RTE\\Device\\TLE9879QXA40\\startup_tle987x.s
      At line 167 in file RTE\\Device\\TLE9879QXA40\\startup_tle987x.s

UsageFault_Handler 00000010

Symbol: UsageFault_Handler
   Definitions
      At line 132 in file RTE\\Device\\TLE9879QXA40\\startup_tle987x.s
   Uses
      At line 63 in file RTE\\Device\\TLE9879QXA40\\startup_tle987x.s
      At line 134 in file RTE\\Device\\TLE9879QXA40\\startup_tle987x.s

__user_initial_stackheap 0000001C

Symbol: __user_initial_stackheap
   Definitions
      At line 204 in file RTE\\Device\\TLE9879QXA40\\startup_tle987x.s
   Uses
      At line 203 in file RTE\\Device\\TLE9879QXA40\\startup_tle987x.s
Comment: __user_initial_stackheap used once
29 symbols



ARM Macro Assembler    Page 1 Alphabetic symbol ordering
Absolute symbols

Heap_Size 00000000

Symbol: Heap_Size
   Definitions
      At line 38 in file RTE\\Device\\TLE9879QXA40\\startup_tle987x.s
   Uses
      At line 42 in file RTE\\Device\\TLE9879QXA40\\startup_tle987x.s
      At line 208 in file RTE\\Device\\TLE9879QXA40\\startup_tle987x.s

Stack_Size 00000200

Symbol: Stack_Size
   Definitions
      At line 28 in file RTE\\Device\\TLE9879QXA40\\startup_tle987x.s
   Uses
      At line 31 in file RTE\\Device\\TLE9879QXA40\\startup_tle987x.s
      At line 207 in file RTE\\Device\\TLE9879QXA40\\startup_tle987x.s

__Vectors_Size 00000080

Symbol: __Vectors_Size
   Definitions
      At line 93 in file RTE\\Device\\TLE9879QXA40\\startup_tle987x.s
   Uses
      At line 55 in file RTE\\Device\\TLE9879QXA40\\startup_tle987x.s
Comment: __Vectors_Size used once
3 symbols



ARM Macro Assembler    Page 1 Alphabetic symbol ordering
External symbols

SystemInit 00000000

Symbol: SystemInit
   Definitions
      At line 102 in file RTE\\Device\\TLE9879QXA40\\startup_tle987x.s
   Uses
      At line 104 in file RTE\\Device\\TLE9879QXA40\\startup_tle987x.s
Comment: SystemInit used once
__main 00000000

Symbol: __main
   Definitions
      At line 103 in file RTE\\Device\\TLE9879QXA40\\startup_tle987x.s
   Uses
      At line 106 in file RTE\\Device\\TLE9879QXA40\\startup_tle987x.s
Comment: __main used once
__use_two_region_memory 00000000

Symbol: __use_two_region_memory
   Definitions
      At line 202 in file RTE\\Device\\TLE9879QXA40\\startup_tle987x.s
   Uses
      None
Comment: __use_two_region_memory unused
3 symbols
383 symbols in table
